c:\users\edwar\desktop\ritesh_texture\x64\debug\vc143.pdb
c:\users\edwar\desktop\ritesh_texture\x64\debug\vc143.idb
c:\users\edwar\desktop\ritesh_texture\x64\debug\vbo.obj
c:\users\edwar\desktop\ritesh_texture\x64\debug\vao.obj
c:\users\edwar\desktop\ritesh_texture\x64\debug\texture.obj
c:\users\edwar\desktop\ritesh_texture\x64\debug\stb.obj
c:\users\edwar\desktop\ritesh_texture\x64\debug\shaderclass.obj
c:\users\edwar\desktop\ritesh_texture\x64\debug\main.obj
c:\users\edwar\desktop\ritesh_texture\x64\debug\ebo.obj
c:\users\edwar\desktop\ritesh_texture\x64\debug\camera.obj
c:\users\edwar\desktop\ritesh_texture\x64\debug\glad.obj
c:\users\edwar\desktop\ritesh_texture\x64\debug\riteshshah.ilk
c:\users\edwar\desktop\ritesh_texture\x64\debug\riteshshah.exe
c:\users\edwar\desktop\ritesh_texture\x64\debug\riteshshah.pdb
c:\users\edwar\desktop\ritesh_texture\x64\debug\riteshshah.tlog\cl.command.1.tlog
c:\users\edwar\desktop\ritesh_texture\x64\debug\riteshshah.tlog\cl.read.1.tlog
c:\users\edwar\desktop\ritesh_texture\x64\debug\riteshshah.tlog\cl.write.1.tlog
c:\users\edwar\desktop\ritesh_texture\x64\debug\riteshshah.tlog\link.command.1.tlog
c:\users\edwar\desktop\ritesh_texture\x64\debug\riteshshah.tlog\link.read.1.tlog
c:\users\edwar\desktop\ritesh_texture\x64\debug\riteshshah.tlog\link.write.1.tlog
